
> writer-app@0.1.0 dev
> next dev

▲ Next.js 16.1.6 (Turbopack)
- Local:         http://localhost:3000
- Network:       http://192.168.0.2:3000

✓ Starting...
✓ Ready in 3.5s
 GET / 200 in 2.7s (compile: 2.3s, render: 371ms)
 GET / 200 in 104ms (compile: 6ms, render: 98ms)
 POST /api/lint 200 in 889ms (compile: 206ms, render: 684ms)
 GET / 200 in 733ms (compile: 360ms, render: 373ms)
 POST /api/lint 200 in 763ms (compile: 8ms, render: 755ms)
 GET / 200 in 105ms (compile: 6ms, render: 99ms)
 POST /api/lint 200 in 369ms (compile: 4ms, render: 366ms)
 GET / 200 in 365ms (compile: 88ms, render: 277ms)
 POST /api/lint 200 in 525ms (compile: 9ms, render: 516ms)
 GET / 200 in 106ms (compile: 7ms, render: 100ms)
 POST /api/lint 200 in 351ms (compile: 6ms, render: 345ms)
 GET / 200 in 69ms (compile: 4ms, render: 66ms)
 POST /api/lint 200 in 429ms (compile: 3ms, render: 426ms)
 GET / 200 in 67ms (compile: 4ms, render: 63ms)
 POST /api/lint 200 in 574ms (compile: 6ms, render: 568ms)
 GET / 200 in 235ms (compile: 81ms, render: 154ms)
 POST /api/lint 200 in 486ms (compile: 3ms, render: 483ms)
 GET / 200 in 242ms (compile: 71ms, render: 171ms)
 POST /api/lint 200 in 517ms (compile: 5ms, render: 513ms)
 GET / 200 in 82ms (compile: 4ms, render: 78ms)
 POST /api/lint 200 in 460ms (compile: 4ms, render: 456ms)
 GET / 200 in 366ms (compile: 270ms, render: 97ms)
 GET / 200 in 379ms (compile: 117ms, render: 262ms)
 GET / 200 in 89ms (compile: 6ms, render: 83ms)
 GET / 200 in 72ms (compile: 3ms, render: 69ms)
 POST /api/lint 200 in 571ms (compile: 3ms, render: 568ms)
 POST /api/lint 200 in 605ms (compile: 3ms, render: 602ms)
 GET / 200 in 56ms (compile: 4ms, render: 52ms)
 POST /api/lint 200 in 318ms (compile: 3ms, render: 315ms)
 GET / 200 in 61ms (compile: 3ms, render: 58ms)
 POST /api/lint 200 in 458ms (compile: 3ms, render: 456ms)
[?25h
